Using pre-set license
Built from '2022.2/staging' branch; Version is '2022.2.12f1 (022dac4955a3) revision 142764'; Using compiler version '192829333'; Build Type 'Release'
OS: 'Windows 11  (10.0.22621) 64bit Core' Language: 'en' Physical Memory: 32693 MB
BatchMode: 1, IsHumanControllingUs: 0, StartBugReporterOnCrash: 0, Is64bit: 1, IsPro: 1

COMMAND LINE ARGUMENTS:
E:\Unity 2022.2.12f1\Editor\Unity.exe
-adb2
-batchMode
-noUpm
-name
AssetImportWorker1
-projectPath
E:/afterlife/Afterlife-Gen-2/Afterlife Gen 2
-logFile
Logs/AssetImportWorker1.log
-srvPort
54684
Successfully changed project path to: E:/afterlife/Afterlife-Gen-2/Afterlife Gen 2
E:/afterlife/Afterlife-Gen-2/Afterlife Gen 2
[UnityMemory] Configuration Parameters - Can be set up in boot.config
    "memorysetup-bucket-allocator-granularity=16"
    "memorysetup-bucket-allocator-bucket-count=8"
    "memorysetup-bucket-allocator-block-size=33554432"
    "memorysetup-bucket-allocator-block-count=8"
    "memorysetup-main-allocator-block-size=16777216"
    "memorysetup-thread-allocator-block-size=16777216"
    "memorysetup-gfx-main-allocator-block-size=16777216"
    "memorysetup-gfx-thread-allocator-block-size=16777216"
    "memorysetup-cache-allocator-block-size=4194304"
    "memorysetup-typetree-allocator-block-size=2097152"
    "memorysetup-profiler-bucket-allocator-granularity=16"
    "memorysetup-profiler-bucket-allocator-bucket-count=8"
    "memorysetup-profiler-bucket-allocator-block-size=33554432"
    "memorysetup-profiler-bucket-allocator-block-count=8"
    "memorysetup-profiler-allocator-block-size=16777216"
    "memorysetup-profiler-editor-allocator-block-size=1048576"
    "memorysetup-temp-allocator-size-main=16777216"
    "memorysetup-job-temp-allocator-block-size=2097152"
    "memorysetup-job-temp-allocator-block-size-background=1048576"
    "memorysetup-job-temp-allocator-reduction-small-platforms=262144"
    "memorysetup-temp-allocator-size-background-worker=32768"
    "memorysetup-temp-allocator-size-job-worker=262144"
    "memorysetup-temp-allocator-size-preload-manager=33554432"
    "memorysetup-temp-allocator-size-nav-mesh-worker=65536"
    "memorysetup-temp-allocator-size-audio-worker=65536"
    "memorysetup-temp-allocator-size-cloud-worker=32768"
    "memorysetup-temp-allocator-size-gi-baking-worker=262144"
    "memorysetup-temp-allocator-size-gfx=262144"
Player connection [3888] Host "[IP] 192.168.0.2 [Port] 0 [Flags] 2 [Guid] 4038252532 [EditorId] 4038252532 [Version] 1048832 [Id] WindowsEditor(7,DESKTOP-9L4UNH6) [Debug] 1 [PackageName] WindowsEditor [ProjectName] Editor" joined multi-casting on [225.0.0.222:54997]...

Player connection [3888] Host "[IP] 192.168.0.2 [Port] 0 [Flags] 2 [Guid] 4038252532 [EditorId] 4038252532 [Version] 1048832 [Id] WindowsEditor(7,DESKTOP-9L4UNH6) [Debug] 1 [PackageName] WindowsEditor [ProjectName] Editor" joined alternative multi-casting on [225.0.0.222:34997]...

Refreshing native plugins compatible for Editor in 21.14 ms, found 3 plugins.
Preloading 0 native plugins for Editor in 0.00 ms.
Initialize engine version: 2022.2.12f1 (022dac4955a3)
[Subsystems] Discovering subsystems at path E:/Unity 2022.2.12f1/Editor/Data/Resources/UnitySubsystems
[Subsystems] Discovering subsystems at path E:/afterlife/Afterlife-Gen-2/Afterlife Gen 2/Assets
GfxDevice: creating device client; threaded=0; jobified=0
Direct3D:
    Version:  Direct3D 11.0 [level 11.1]
    Renderer: NVIDIA GeForce RTX 2060 (ID=0x1f08)
    Vendor:   NVIDIA
    VRAM:     5980 MB
    Driver:   30.0.14.7168
Initialize mono
Mono path[0] = 'E:/Unity 2022.2.12f1/Editor/Data/Managed'
Mono path[1] = 'E:/Unity 2022.2.12f1/Editor/Data/MonoBleedingEdge/lib/mono/unityjit-win32'
Mono config path = 'E:/Unity 2022.2.12f1/Editor/Data/MonoBleedingEdge/etc'
Using monoOptions --debugger-agent=transport=dt_socket,embedding=1,server=y,suspend=n,address=127.0.0.1:56056
Begin MonoManager ReloadAssembly
Registering precompiled unity dll's ...
Register platform support module: E:/Unity 2022.2.12f1/Editor/Data/PlaybackEngines/WindowsStandaloneSupport/UnityEditor.WindowsStandalone.Extensions.dll
Registered in 0.007575 seconds.
- Loaded All Assemblies, in  0.565 seconds
Native extension for WindowsStandalone target not found
Mono: successfully reloaded assembly
- Finished resetting the current domain, in  0.445 seconds
Domain Reload Profiling:
	ReloadAssembly (351ms)
		BeginReloadAssembly (180ms)
			ExecutionOrderSort (0ms)
			DisableScriptedObjects (0ms)
			BackupInstance (0ms)
			ReleaseScriptingObjects (0ms)
			CreateAndSetChildDomain (1ms)
		LoadAllAssembliesAndSetupDomain (0ms)
			LoadAssemblies (178ms)
			RebuildTransferFunctionScriptingTraits (0ms)
			SetupTypeCache (204ms)
				TypeCache.Initialize (203ms)
					TypeCache.ScanAssembly (200ms)
				ResolveRequiredComponents (1ms)
		FinalizeReload (0ms)
			ReleaseScriptCaches (0ms)
			RebuildScriptCaches (0ms)
			SetupLoadedEditorAssemblies (347ms)
				LogAssemblyErrors (0ms)
				InitializePlatformSupportModulesInManaged (14ms)
				SetLoadedEditorAssemblies (10ms)
				RefreshPlugins (0ms)
				BeforeProcessingInitializeOnLoad (2ms)
				ProcessInitializeOnLoadAttributes (238ms)
				ProcessInitializeOnLoadMethodAttributes (83ms)
				AfterProcessingInitializeOnLoad (0ms)
				EditorAssembliesLoaded (0ms)
			ExecutionOrderSort2 (0ms)
			AwakeInstancesAfterBackupRestoration (0ms)
========================================================================
Worker process is ready to serve import requests
Begin MonoManager ReloadAssembly
Symbol file LoadedFromMemory doesn't match image E:\afterlife\Afterlife-Gen-2\Afterlife Gen 2\Library\PackageCache\com.unity.visualscripting@1.8.0\Editor\VisualScripting.Core\Dependencies\YamlDotNet\Unity.VisualScripting.YamlDotNet.dll
Symbol file LoadedFromMemory doesn't match image E:\afterlife\Afterlife-Gen-2\Afterlife Gen 2\Library\PackageCache\com.unity.visualscripting@1.8.0\Editor\VisualScripting.Core\Dependencies\DotNetZip\Unity.VisualScripting.IonicZip.dll
- Loaded All Assemblies, in  1.528 seconds
Refreshing native plugins compatible for Editor in 4.73 ms, found 3 plugins.
Native extension for WindowsStandalone target not found
Mono: successfully reloaded assembly
- Finished resetting the current domain, in  1.387 seconds
Domain Reload Profiling:
	ReloadAssembly (434ms)
		BeginReloadAssembly (281ms)
			ExecutionOrderSort (0ms)
			DisableScriptedObjects (9ms)
			BackupInstance (0ms)
			ReleaseScriptingObjects (0ms)
			CreateAndSetChildDomain (41ms)
		LoadAllAssembliesAndSetupDomain (1091ms)
			LoadAssemblies (591ms)
			RebuildTransferFunctionScriptingTraits (0ms)
			SetupTypeCache (664ms)
				TypeCache.Initialize (607ms)
					TypeCache.ScanAssembly (595ms)
				ResolveRequiredComponents (15ms)
		FinalizeReload (0ms)
			ReleaseScriptCaches (0ms)
			RebuildScriptCaches (0ms)
			SetupLoadedEditorAssemblies (1073ms)
				LogAssemblyErrors (0ms)
				InitializePlatformSupportModulesInManaged (9ms)
				SetLoadedEditorAssemblies (5ms)
				RefreshPlugins (0ms)
				BeforeProcessingInitializeOnLoad (136ms)
				ProcessInitializeOnLoadAttributes (557ms)
				ProcessInitializeOnLoadMethodAttributes (352ms)
				AfterProcessingInitializeOnLoad (13ms)
				EditorAssembliesLoaded (0ms)
			ExecutionOrderSort2 (0ms)
			AwakeInstancesAfterBackupRestoration (17ms)
Launched and connected shader compiler UnityShaderCompiler.exe after 0.26 seconds
Refreshing native plugins compatible for Editor in 6.62 ms, found 3 plugins.
Preloading 0 native plugins for Editor in 0.00 ms.
Unloading 6169 Unused Serialized files (Serialized files now loaded: 0)
Unloading 98 unused Assets / (3.6 MB). Loaded Objects now: 6638.
Memory consumption went from 271.6 MB to 268.0 MB.
Total: 9.627400 ms (FindLiveObjects: 0.712000 ms CreateObjectMapping: 0.273400 ms MarkObjects: 7.077000 ms  DeleteObjects: 1.562300 ms)

AssetImportParameters requested are different than current active one (requested -> active):
  custom:container-demuxer-ogg: 62fdf1f143b41e24485cea50d1cbac27 -> 
  custom:video-decoder-ogg-theora: a1e56fd34408186e4bbccfd4996cb3dc -> 
  custom:framework-win-MediaFoundation: 216162199b28c13a410421893ffa2e32 -> 
  custom:container-demuxer-webm: 4f35f7cbe854078d1ac9338744f61a02 -> 
  custom:container-muxer-webm: aa71ff27fc2769a1b78a27578f13a17b -> 
  custom:video-decoder-webm-vp8: 9c59270c3fd7afecdb556c50c9e8de78 -> 
  custom:AudioImporter_EditorPlatform: d09bf68614088b80899f8185d706f6e7 -> 
  custom:video-encoder-webm-vp8: eb34c28f22e8b96e1ab97ce403110664 -> 
  custom:audio-decoder-ogg-vorbis: bf7c407c2cedff20999df2af8eb42d56 -> 
  custom:audio-encoder-webm-vorbis: bf7c407c2cedff20999df2af8eb42d56 -> 
========================================================================
Received Import Request.
  Time since last request: 7403.725365 seconds.
  path: Assets/Prefabs/Modular Kits/Mansion
  artifactKey: Guid(6f4198dcf31ccd1428fe9d80faf18ba7) Importer(815301076,1909f56bfc062723c751e8b465ee728b)
Start importing Assets/Prefabs/Modular Kits/Mansion using Guid(6f4198dcf31ccd1428fe9d80faf18ba7) Importer(815301076,1909f56bfc062723c751e8b465ee728b)  -> (artifact id: 'ff2f594f9b835f728b07a965b2f1c820') in 0.002459 seconds 
Number of updated asset objects reloaded before import = 0
Number of asset objects unloaded after import = 0
========================================================================
Received Import Request.
  Time since last request: 0.000076 seconds.
  path: Assets/Prefabs/Modular Kits/Mansion/Walls/Wall_Door_Single_Outside Variant.prefab
  artifactKey: Guid(5480196f95e33ab4fa443e097e4a15b6) Importer(815301076,1909f56bfc062723c751e8b465ee728b)
Start importing Assets/Prefabs/Modular Kits/Mansion/Walls/Wall_Door_Single_Outside Variant.prefab using Guid(5480196f95e33ab4fa443e097e4a15b6) Importer(815301076,1909f56bfc062723c751e8b465ee728b)  -> (artifact id: '0acc67dcb283bf47d08fa6c5bd337147') in 11.766389 seconds 
Number of updated asset objects reloaded before import = 0
Number of asset objects unloaded after import = 19
========================================================================
Received Import Request.
  Time since last request: 0.000079 seconds.
  path: Assets/Prefabs/Modular Kits/Mansion/Walls/Wall_Single_Inside_Double_Sided Variant.prefab
  artifactKey: Guid(311684f4356d88343a69f613f6066d0d) Importer(815301076,1909f56bfc062723c751e8b465ee728b)
Start importing Assets/Prefabs/Modular Kits/Mansion/Walls/Wall_Single_Inside_Double_Sided Variant.prefab using Guid(311684f4356d88343a69f613f6066d0d) Importer(815301076,1909f56bfc062723c751e8b465ee728b)  -> (artifact id: '887d102090b176cc1cc77a46aa1ef52c') in 0.102684 seconds 
Number of updated asset objects reloaded before import = 0
Number of asset objects unloaded after import = 15
========================================================================
Received Import Request.
  Time since last request: 0.000067 seconds.
  path: Assets/Prefabs/Modular Kits/Mansion/Walls/Wall_Single_Inside_Double_Large Variant.prefab
  artifactKey: Guid(c0eddd4031e79f847a420fe6520b81d3) Importer(815301076,1909f56bfc062723c751e8b465ee728b)
Start importing Assets/Prefabs/Modular Kits/Mansion/Walls/Wall_Single_Inside_Double_Large Variant.prefab using Guid(c0eddd4031e79f847a420fe6520b81d3) Importer(815301076,1909f56bfc062723c751e8b465ee728b)  -> (artifact id: '2e07449fa6a5d99cf545eff717346106') in 0.106490 seconds 
Number of updated asset objects reloaded before import = 0
Number of asset objects unloaded after import = 15
========================================================================
Received Import Request.
  Time since last request: 0.000063 seconds.
  path: Assets/Prefabs/Modular Kits/Mansion/Walls/Wall_Single_Inside Variant.prefab
  artifactKey: Guid(a0fbb5e8da801514683f1c0f0da55b9b) Importer(815301076,1909f56bfc062723c751e8b465ee728b)
Start importing Assets/Prefabs/Modular Kits/Mansion/Walls/Wall_Single_Inside Variant.prefab using Guid(a0fbb5e8da801514683f1c0f0da55b9b) Importer(815301076,1909f56bfc062723c751e8b465ee728b)  -> (artifact id: '29f806ae4dd70ec783a6dd50882b8fb3') in 0.073425 seconds 
Number of updated asset objects reloaded before import = 0
Number of asset objects unloaded after import = 15
========================================================================
Received Import Request.
  Time since last request: 0.000057 seconds.
  path: Assets/Prefabs/Modular Kits/Mansion/Walls/Wall_Large_Regular Variant.prefab
  artifactKey: Guid(c5000f45ee23155429d825b5730bd4ce) Importer(815301076,1909f56bfc062723c751e8b465ee728b)
Start importing Assets/Prefabs/Modular Kits/Mansion/Walls/Wall_Large_Regular Variant.prefab using Guid(c5000f45ee23155429d825b5730bd4ce) Importer(815301076,1909f56bfc062723c751e8b465ee728b)  -> (artifact id: 'ca0f5065c12fcd98ad9810891c3a7fbe') in 0.070555 seconds 
Number of updated asset objects reloaded before import = 0
Number of asset objects unloaded after import = 15
========================================================================
Received Import Request.
  Time since last request: 493.522889 seconds.
  path: Assets/Prefabs/Modular Kits/Mansion/Doors/Door_Double_Right Variant.prefab
  artifactKey: Guid(ea419093d3dc9744c8325982b9f08d6b) Importer(815301076,1909f56bfc062723c751e8b465ee728b)
Start importing Assets/Prefabs/Modular Kits/Mansion/Doors/Door_Double_Right Variant.prefab using Guid(ea419093d3dc9744c8325982b9f08d6b) Importer(815301076,1909f56bfc062723c751e8b465ee728b)  -> (artifact id: '4655ebbe4977f94ba11e4f652c084e30') in 0.055956 seconds 
Number of updated asset objects reloaded before import = 0
Number of asset objects unloaded after import = 15
========================================================================
Received Import Request.
  Time since last request: 2.949805 seconds.
  path: Assets/Prefabs/Modular Kits/Mansion/Floor Beams/Beam_Double Variant.prefab
  artifactKey: Guid(44742b7d2cb21414cacf9ade0a6027f3) Importer(815301076,1909f56bfc062723c751e8b465ee728b)
Start importing Assets/Prefabs/Modular Kits/Mansion/Floor Beams/Beam_Double Variant.prefab using Guid(44742b7d2cb21414cacf9ade0a6027f3) Importer(815301076,1909f56bfc062723c751e8b465ee728b)  -> (artifact id: '1f679d34cbf810a59c598d5d6ad9041b') in 0.053893 seconds 
Number of updated asset objects reloaded before import = 0
Number of asset objects unloaded after import = 15
========================================================================
Received Import Request.
  Time since last request: 0.000041 seconds.
  path: Assets/Prefabs/Modular Kits/Mansion/Floor Beams/Beam_Edge Variant.prefab
  artifactKey: Guid(c41bfb2ee5014754cb7c7ccac5c855f2) Importer(815301076,1909f56bfc062723c751e8b465ee728b)
Start importing Assets/Prefabs/Modular Kits/Mansion/Floor Beams/Beam_Edge Variant.prefab using Guid(c41bfb2ee5014754cb7c7ccac5c855f2) Importer(815301076,1909f56bfc062723c751e8b465ee728b)  -> (artifact id: '310a62e08abbc44222a39c3dfe511a56') in 0.116148 seconds 
Number of updated asset objects reloaded before import = 0
Number of asset objects unloaded after import = 15
========================================================================
Received Import Request.
  Time since last request: 0.764579 seconds.
  path: Assets/Prefabs/Modular Kits/Mansion/Floor/Floor_Single Variant.prefab
  artifactKey: Guid(2ee09250d8dce9a4da6265ba0a1c11b0) Importer(815301076,1909f56bfc062723c751e8b465ee728b)
Start importing Assets/Prefabs/Modular Kits/Mansion/Floor/Floor_Single Variant.prefab using Guid(2ee09250d8dce9a4da6265ba0a1c11b0) Importer(815301076,1909f56bfc062723c751e8b465ee728b)  -> (artifact id: '11ba4e76ef65761401794b73bfdf1b11') in 0.048559 seconds 
Number of updated asset objects reloaded before import = 0
Number of asset objects unloaded after import = 15
========================================================================
Received Import Request.
  Time since last request: 1.838515 seconds.
  path: Assets/Prefabs/Modular Kits/Mansion/Outside/Corner_Small_Outside Variant.prefab
  artifactKey: Guid(6d491b74114d5a6439280ef54eda2788) Importer(815301076,1909f56bfc062723c751e8b465ee728b)
Start importing Assets/Prefabs/Modular Kits/Mansion/Outside/Corner_Small_Outside Variant.prefab using Guid(6d491b74114d5a6439280ef54eda2788) Importer(815301076,1909f56bfc062723c751e8b465ee728b)  -> (artifact id: '35db8870eba081f6114b5b61ec1c1b01') in 0.049065 seconds 
Number of updated asset objects reloaded before import = 0
Number of asset objects unloaded after import = 15
========================================================================
Received Import Request.
  Time since last request: 0.981676 seconds.
  path: Assets/Prefabs/Modular Kits/Mansion/Stairs/Stairs_Entrance_Right Variant.prefab
  artifactKey: Guid(0fe72930b87fd4d4487911ed0f4342fc) Importer(815301076,1909f56bfc062723c751e8b465ee728b)
Start importing Assets/Prefabs/Modular Kits/Mansion/Stairs/Stairs_Entrance_Right Variant.prefab using Guid(0fe72930b87fd4d4487911ed0f4342fc) Importer(815301076,1909f56bfc062723c751e8b465ee728b)  -> (artifact id: 'f483ba417c87990fe8946dcdfc534d7e') in 0.071910 seconds 
Number of updated asset objects reloaded before import = 0
Number of asset objects unloaded after import = 15
========================================================================
Received Import Request.
  Time since last request: 0.098301 seconds.
  path: Assets/Prefabs/Modular Kits/Mansion/Stairs/Stairs_Platform_Right Variant.prefab
  artifactKey: Guid(dbcb09f7d822c954e93247c05adf0133) Importer(815301076,1909f56bfc062723c751e8b465ee728b)
Start importing Assets/Prefabs/Modular Kits/Mansion/Stairs/Stairs_Platform_Right Variant.prefab using Guid(dbcb09f7d822c954e93247c05adf0133) Importer(815301076,1909f56bfc062723c751e8b465ee728b)  -> (artifact id: '762dde2414750d0a27920f262510d207') in 0.053809 seconds 
Number of updated asset objects reloaded before import = 0
Number of asset objects unloaded after import = 15
========================================================================
Received Import Request.
  Time since last request: 0.000044 seconds.
  path: Assets/Prefabs/Modular Kits/Mansion/Stairs/Stairs_Support_Beam Variant.prefab
  artifactKey: Guid(9b998b60a29d25240ba849af4243fd08) Importer(815301076,1909f56bfc062723c751e8b465ee728b)
Start importing Assets/Prefabs/Modular Kits/Mansion/Stairs/Stairs_Support_Beam Variant.prefab using Guid(9b998b60a29d25240ba849af4243fd08) Importer(815301076,1909f56bfc062723c751e8b465ee728b)  -> (artifact id: '570fcf443d4afb3847c11fd1c18a8c95') in 0.156438 seconds 
Number of updated asset objects reloaded before import = 0
Number of asset objects unloaded after import = 15
========================================================================
Received Import Request.
  Time since last request: 0.000042 seconds.
  path: Assets/Prefabs/Modular Kits/Mansion/Stairs/Stairs_Steps_Right Variant.prefab
  artifactKey: Guid(c29dfe1b85133374892f8d05ba22ba41) Importer(815301076,1909f56bfc062723c751e8b465ee728b)
Start importing Assets/Prefabs/Modular Kits/Mansion/Stairs/Stairs_Steps_Right Variant.prefab using Guid(c29dfe1b85133374892f8d05ba22ba41) Importer(815301076,1909f56bfc062723c751e8b465ee728b)  -> (artifact id: '62470bd80aaa08ef713efed506296dd5') in 0.063015 seconds 
Number of updated asset objects reloaded before import = 0
Number of asset objects unloaded after import = 15
Editor requested this worker to shutdown with reason: Scaling down because of idle timeout
TcpMessagingSession - receive error: operation aborted. errorcode: 995, details: The I/O operation has been aborted because of either a thread exit or an application request.
AssetImportWorker is now disconnected from the server
Process exiting
Exiting without the bug reporter. Application will terminate with return code 0