
=== Wed Jul 12 15:55:47 2023

Packages were changed.
Update Mode: mergeDefaultDependencies

The following packages were added:
  com.unity.modules.ai@1.0.0
  com.unity.modules.androidjni@1.0.0
  com.unity.modules.animation@1.0.0
  com.unity.modules.assetbundle@1.0.0
  com.unity.modules.audio@1.0.0
  com.unity.modules.cloth@1.0.0
  com.unity.modules.director@1.0.0
  com.unity.modules.imageconversion@1.0.0
  com.unity.modules.imgui@1.0.0
  com.unity.modules.jsonserialize@1.0.0
  com.unity.modules.particlesystem@1.0.0
  com.unity.modules.physics@1.0.0
  com.unity.modules.physics2d@1.0.0
  com.unity.modules.screencapture@1.0.0
  com.unity.modules.terrain@1.0.0
  com.unity.modules.terrainphysics@1.0.0
  com.unity.modules.tilemap@1.0.0
  com.unity.modules.ui@1.0.0
  com.unity.modules.uielements@1.0.0
  com.unity.modules.umbra@1.0.0
  com.unity.modules.unityanalytics@1.0.0
  com.unity.modules.unitywebrequest@1.0.0
  com.unity.modules.unitywebrequestassetbundle@1.0.0
  com.unity.modules.unitywebrequestaudio@1.0.0
  com.unity.modules.unitywebrequesttexture@1.0.0
  com.unity.modules.unitywebrequestwww@1.0.0
  com.unity.modules.vehicles@1.0.0
  com.unity.modules.video@1.0.0
  com.unity.modules.vr@1.0.0
  com.unity.modules.wind@1.0.0
  com.unity.modules.xr@1.0.0
The following packages were updated:
  com.unity.collab-proxy from version 1.15.7 to 2.0.0
  com.unity.render-pipelines.high-definition from version 14.0.0 to 14.0.6
  com.unity.timeline from version 1.6.3 to 1.7.3
  com.unity.visualscripting from version 1.7.6 to 1.8.0

=== Thu Jan 18 19:48:31 2024

Packages were changed.
Update Mode: updateDependencies

The following packages were added:
  com.unity.modules.accessibility@1.0.0
The following packages were updated:
  com.unity.ai.navigation from version 1.1.5 to 2.0.0
  com.unity.animation.rigging from version 1.2.1 to 1.3.0
  com.unity.collab-proxy from version 2.0.0 to 2.2.0
  com.unity.feature.development from version 1.0.1 to 1.0.2
  com.unity.probuilder from version 5.0.7 to 5.1.0
  com.unity.render-pipelines.high-definition from version 14.0.6 to 16.0.4
  com.unity.timeline from version 1.7.3 to 1.8.6
  com.unity.ugui from version 1.0.0 to 2.0.0
The following packages were removed:
  com.unity.textmeshpro@3.0.6

=== Tue Feb  4 22:26:14 2025

Packages were changed.
Update Mode: updateDependencies

The following packages were added:
  com.unity.multiplayer.center@1.0.0
The following packages were updated:
  com.unity.ai.navigation from version 2.0.0 to 2.0.5
  com.unity.cinemachine from version 2.9.7 to 2.10.3
  com.unity.collab-proxy from version 2.2.0 to 2.6.0
  com.unity.probuilder from version 5.1.0 to 6.0.4
  com.unity.render-pipelines.high-definition from version 16.0.4 to 17.0.3
  com.unity.timeline from version 1.8.6 to 1.8.7
  com.unity.visualscripting from version 1.8.0 to 1.9.5
